{"/home/kaedenoc/projects/storefront/src/Components/Footer/index.jsx": {"path":"/home/kaedenoc/projects/storefront/src/Components/Footer/index.jsx","statementMap":{"0":{"start":{"line":4,"column":2},"end":{"line":6,"column":3}}},"fnMap":{"0":{"name":"Footer","decl":{"start":{"line":3,"column":9},"end":{"line":3,"column":15}},"loc":{"start":{"line":3,"column":18},"end":{"line":7,"column":1}},"line":3}},"branchMap":{},"s":{"0":1},"f":{"0":1},"b":{},"_coverageSchema":"1a1c01bbd47fc00a2c39e90264f33305004495a9","hash":"0d19cb7eca3f9eb49c28696b5021629e97072965"}
}
