{"/home/kaedenoc/projects/storefront/src/Components/Header/index.jsx": {"path":"/home/kaedenoc/projects/storefront/src/Components/Header/index.jsx","statementMap":{"0":{"start":{"line":6,"column":19},"end":{"line":6,"column":51}},"1":{"start":{"line":6,"column":40},"end":{"line":6,"column":50}},"2":{"start":{"line":8,"column":2},"end":{"line":24,"column":3}}},"fnMap":{"0":{"name":"Header","decl":{"start":{"line":5,"column":9},"end":{"line":5,"column":15}},"loc":{"start":{"line":5,"column":18},"end":{"line":25,"column":1}},"line":5},"1":{"name":"(anonymous_1)","decl":{"start":{"line":6,"column":31},"end":{"line":6,"column":32}},"loc":{"start":{"line":6,"column":40},"end":{"line":6,"column":50}},"line":6}},"branchMap":{},"s":{"0":1,"1":2,"2":1},"f":{"0":1,"1":2},"b":{},"_coverageSchema":"1a1c01bbd47fc00a2c39e90264f33305004495a9","hash":"1fb65513e9f302d9867de466b4af78843dae2154"}
,"/home/kaedenoc/projects/storefront/src/store/constants.js": {"path":"/home/kaedenoc/projects/storefront/src/store/constants.js","statementMap":{"0":{"start":{"line":3,"column":19},"end":{"line":3,"column":24}},"1":{"start":{"line":4,"column":27},"end":{"line":4,"column":40}},"2":{"start":{"line":5,"column":22},"end":{"line":5,"column":30}}},"fnMap":{},"branchMap":{},"s":{"0":1,"1":1,"2":1},"f":{},"b":{},"_coverageSchema":"1a1c01bbd47fc00a2c39e90264f33305004495a9","hash":"40b993ed3795d15708d5cb868d060b2b7310da07"}
,"/home/kaedenoc/projects/storefront/src/store/index.js": {"path":"/home/kaedenoc/projects/storefront/src/store/index.js","statementMap":{"0":{"start":{"line":7,"column":15},"end":{"line":11,"column":2}},"1":{"start":{"line":13,"column":14},"end":{"line":15,"column":1}},"2":{"start":{"line":14,"column":2},"end":{"line":14,"column":54}}},"fnMap":{"0":{"name":"(anonymous_0)","decl":{"start":{"line":13,"column":14},"end":{"line":13,"column":15}},"loc":{"start":{"line":13,"column":20},"end":{"line":15,"column":1}},"line":13}},"branchMap":{},"s":{"0":1,"1":1,"2":1},"f":{"0":1},"b":{},"_coverageSchema":"1a1c01bbd47fc00a2c39e90264f33305004495a9","hash":"c711dc48b53ccff19eaaefa3aed72dfe6cb34352"}
,"/home/kaedenoc/projects/storefront/src/store/cart/index.js": {"path":"/home/kaedenoc/projects/storefront/src/store/cart/index.js","statementMap":{"0":{"start":{"line":1,"column":21},"end":{"line":3,"column":1}},"1":{"start":{"line":6,"column":2},"end":{"line":23,"column":3}},"2":{"start":{"line":8,"column":6},"end":{"line":15,"column":7}},"3":{"start":{"line":17,"column":6},"end":{"line":20,"column":8}},"4":{"start":{"line":19,"column":43},"end":{"line":19,"column":79}},"5":{"start":{"line":22,"column":6},"end":{"line":22,"column":19}}},"fnMap":{"0":{"name":"cartReducer","decl":{"start":{"line":5,"column":9},"end":{"line":5,"column":20}},"loc":{"start":{"line":5,"column":51},"end":{"line":24,"column":1}},"line":5},"1":{"name":"(anonymous_1)","decl":{"start":{"line":19,"column":32},"end":{"line":19,"column":33}},"loc":{"start":{"line":19,"column":43},"end":{"line":19,"column":79}},"line":19}},"branchMap":{"0":{"loc":{"start":{"line":5,"column":21},"end":{"line":5,"column":41}},"type":"default-arg","locations":[{"start":{"line":5,"column":29},"end":{"line":5,"column":41}}],"line":5},"1":{"loc":{"start":{"line":6,"column":2},"end":{"line":23,"column":3}},"type":"switch","locations":[{"start":{"line":7,"column":4},"end":{"line":15,"column":7}},{"start":{"line":16,"column":4},"end":{"line":20,"column":8}},{"start":{"line":21,"column":4},"end":{"line":22,"column":19}}],"line":6}},"s":{"0":1,"1":3,"2":0,"3":0,"4":0,"5":3},"f":{"0":3,"1":0},"b":{"0":[3],"1":[0,0,3]},"_coverageSchema":"1a1c01bbd47fc00a2c39e90264f33305004495a9","hash":"5303c39df2c2ebc64f99d312458dca5a1454d7fa"}
,"/home/kaedenoc/projects/storefront/src/store/categories/index.js": {"path":"/home/kaedenoc/projects/storefront/src/store/categories/index.js","statementMap":{"0":{"start":{"line":4,"column":19},"end":{"line":11,"column":1}},"1":{"start":{"line":13,"column":24},"end":{"line":25,"column":1}},"2":{"start":{"line":19,"column":6},"end":{"line":22,"column":7}}},"fnMap":{"0":{"name":"(anonymous_0)","decl":{"start":{"line":18,"column":11},"end":{"line":18,"column":12}},"loc":{"start":{"line":18,"column":30},"end":{"line":23,"column":5}},"line":18}},"branchMap":{},"s":{"0":1,"1":1,"2":0},"f":{"0":0},"b":{},"_coverageSchema":"1a1c01bbd47fc00a2c39e90264f33305004495a9","hash":"2c85c25e87be934d7cc6558c998b80254214a6f5"}
,"/home/kaedenoc/projects/storefront/src/store/products/index.js": {"path":"/home/kaedenoc/projects/storefront/src/store/products/index.js","statementMap":{"0":{"start":{"line":4,"column":21},"end":{"line":14,"column":1}},"1":{"start":{"line":16,"column":23},"end":{"line":25,"column":1}},"2":{"start":{"line":20,"column":6},"end":{"line":22,"column":8}},"3":{"start":{"line":21,"column":58},"end":{"line":21,"column":98}}},"fnMap":{"0":{"name":"(anonymous_0)","decl":{"start":{"line":19,"column":11},"end":{"line":19,"column":12}},"loc":{"start":{"line":19,"column":30},"end":{"line":23,"column":5}},"line":19},"1":{"name":"(anonymous_1)","decl":{"start":{"line":21,"column":47},"end":{"line":21,"column":48}},"loc":{"start":{"line":21,"column":58},"end":{"line":21,"column":98}},"line":21}},"branchMap":{},"s":{"0":1,"1":1,"2":0,"3":0},"f":{"0":0,"1":0},"b":{},"_coverageSchema":"1a1c01bbd47fc00a2c39e90264f33305004495a9","hash":"3fff1990e848f3b1889a0235be530b9e03fc31b3"}
}
