TN:
SF:src/Components/Header/index.jsx
FN:5,Header
FN:6,(anonymous_1)
FNF:2
FNH:2
FNDA:1,Header
FNDA:2,(anonymous_1)
DA:6,2
DA:8,1
LF:2
LH:2
BRF:0
BRH:0
end_of_record
TN:
SF:src/store/constants.js
FNF:0
FNH:0
DA:3,1
DA:4,1
DA:5,1
LF:3
LH:3
BRF:0
BRH:0
end_of_record
TN:
SF:src/store/index.js
FN:13,(anonymous_0)
FNF:1
FNH:1
FNDA:1,(anonymous_0)
DA:7,1
DA:13,1
DA:14,1
LF:3
LH:3
BRF:0
BRH:0
end_of_record
TN:
SF:src/store/cart/index.js
FN:5,cartReducer
FN:19,(anonymous_1)
FNF:2
FNH:1
FNDA:3,cartReducer
FNDA:0,(anonymous_1)
DA:1,1
DA:6,3
DA:8,0
DA:17,0
DA:19,0
DA:22,3
LF:6
LH:3
BRDA:5,0,0,3
BRDA:6,1,0,0
BRDA:6,1,1,0
BRDA:6,1,2,3
BRF:4
BRH:2
end_of_record
TN:
SF:src/store/categories/index.js
FN:18,(anonymous_0)
FNF:1
FNH:0
FNDA:0,(anonymous_0)
DA:4,1
DA:13,1
DA:19,0
LF:3
LH:2
BRF:0
BRH:0
end_of_record
TN:
SF:src/store/products/index.js
FN:19,(anonymous_0)
FN:21,(anonymous_1)
FNF:2
FNH:0
FNDA:0,(anonymous_0)
FNDA:0,(anonymous_1)
DA:4,1
DA:16,1
DA:20,0
DA:21,0
LF:4
LH:2
BRF:0
BRH:0
end_of_record
